cost time: 0:1595613586:1595613586
FarthestPointSample(output_index=<tf.Tensor: shape=(128, 512), dtype=int32, numpy=
array([[   0,  722,  750, ...,  383,   48, 1182],
       [   0,  892, 1174, ..., 1334,  897, 1359],
       [   0,   15,  433, ...,  928,  218,  530],
       ...,
       [   0, 1430,  708, ...,  539, 1007,  401],
       [   0, 1035, 1486, ..., 1046,  428, 1355],
       [   0, 1230,  657, ...,  669,  710,  971]], dtype=int32)>, output_points=<tf.Tensor: shape=(128, 512, 3), dtype=float32, numpy=
array([[[ 0.17470405,  0.472228  ,  0.6932138 ],
        [-0.11043278, -0.58269495, -0.7937384 ],
        [-0.6790093 , -0.47174996,  0.5363111 ],
        ...,
        [-0.10584413, -0.24363796, -0.3131435 ],
        [-0.5125849 ,  0.44468918,  0.36030746],
        [-0.02900351, -0.01130783, -0.8080805 ]],

       [[-0.4929981 ,  0.09525181, -0.04484631],
        [ 0.6641544 ,  0.2851214 , -0.6089598 ],
        [ 0.44747466, -0.3749189 ,  0.15318875],
        ...,
        [ 0.6439945 ,  0.3459296 , -0.5765824 ],
        [ 0.26815265, -0.23691656,  0.196421  ],
        [ 0.5811429 ,  0.01343555, -0.27326736]],

       [[-0.10503967, -0.1749565 ,  0.0891284 ],
        [ 0.96113336,  0.24728164,  0.11170733],
        [-0.6907985 ,  0.21482785, -0.71260566],
        ...,
        [ 0.10886686, -0.15839069, -0.05739945],
        [ 0.35288373,  0.03403319, -0.21964365],
        [-0.7997844 ,  0.23864819, -0.26704088]],

       ...,

       [[-0.01670882, -0.06752409,  0.43588072],
        [-0.10615543, -0.23142333, -1.0082685 ],
        [ 0.8709502 ,  0.07337216, -0.5501691 ],
        ...,
        [ 0.23867641, -0.10430625,  0.41652885],
        [ 0.14077125, -0.10491773,  0.53174764],
        [ 0.18671402,  0.24410798,  0.6246659 ]],

       [[-0.4488646 , -0.08191504, -0.6642845 ],
        [ 0.5210167 ,  0.50944775,  0.53155065],
        [-0.48645493, -0.20496434,  0.575888  ],
        ...,
        [-0.41513178, -0.00125282, -0.05190049],
        [-0.02856894,  0.00689279, -0.71792483],
        [ 0.24560507, -0.00555521,  0.5276204 ]],

       [[ 0.09223686,  0.11996496, -0.446929  ],
        [-0.00502823, -0.1417532 ,  1.0209738 ],
        [ 0.73044467,  0.1733022 ,  0.41189393],
        ...,
        [-0.43649477, -0.11822655,  0.2238448 ],
        [-0.01657264, -0.11518009, -0.56660944],
        [ 0.5789346 ,  0.1764609 ,  0.4439873 ]]], dtype=float32)>)
